[14:59:04.456] [INFO] Initializing Storybook
[14:59:04.917] [DEBUG] Getting package.json info for /Users/nicolascoutureau/template-next-app-dir/package.json...
[14:59:04.917] [DEBUG] Getting CLI versions from NPM for storybook...
[14:59:04.917] [DEBUG] Executing command: npm info storybook version
[14:59:05.558] [INFO] Adding Storybook version 10.2.0 to your project
[14:59:05.559] [DEBUG] Project type detected: nextjs
[14:59:05.560] [DEBUG] Using cached package.json for /Users/nicolascoutureau/template-next-app-dir/package.json...
[14:59:05.564] [INFO] Framework detected: nextjs-vite
[14:59:05.565] [DEBUG] Getting installed version for vitest...
[14:59:05.565] [DEBUG] Executing command: npm ls --json --depth=99 2>/dev/null
[14:59:06.285] [DEBUG] Executing command: npm ls --json --depth=0 2>/dev/null
[14:59:06.818] [DEBUG] Error finding installations for vitest: ExecaError: Command failed with exit code 1: npm ls --json '--depth=0' '2>/dev/null'

{
  "version": "0.1.0",
  "name": "template-next-app"
}
[14:59:06.818] [DEBUG] No installations found for vitest
[14:59:06.818] [DEBUG] Getting installed version for msw...
[14:59:06.818] [DEBUG] Executing command: npm ls --json --depth=99 2>/dev/null
[14:59:07.499] [DEBUG] Executing command: npm ls --json --depth=0 2>/dev/null
[14:59:08.014] [DEBUG] Error finding installations for msw: ExecaError: Command failed with exit code 1: npm ls --json '--depth=0' '2>/dev/null'

{
  "version": "0.1.0",
  "name": "template-next-app"
}
[14:59:08.014] [DEBUG] No installations found for msw
[14:59:08.016] [DEBUG] Using cached package.json for /Users/nicolascoutureau/template-next-app-dir/package.json...
[14:59:08.016] [DEBUG] Using cached version for storybook...
[14:59:08.016] [DEBUG] Getting CLI versions from NPM for @storybook/nextjs-vite...
[14:59:08.016] [DEBUG] Executing command: npm info @storybook/nextjs-vite version
[14:59:08.018] [DEBUG] Getting CLI versions from NPM for @chromatic-com/storybook...
[14:59:08.018] [DEBUG] Executing command: npm info @chromatic-com/storybook version
[14:59:08.020] [DEBUG] Getting CLI versions from NPM for @storybook/addon-vitest...
[14:59:08.020] [DEBUG] Executing command: npm info @storybook/addon-vitest version
[14:59:08.022] [DEBUG] Getting CLI versions from NPM for @storybook/addon-a11y...
[14:59:08.022] [DEBUG] Executing command: npm info @storybook/addon-a11y version
[14:59:08.028] [DEBUG] Getting CLI versions from NPM for @storybook/addon-docs...
[14:59:08.029] [DEBUG] Executing command: npm info @storybook/addon-docs version
[14:59:08.032] [DEBUG] Getting CLI versions from NPM for @storybook/addon-onboarding...
[14:59:08.032] [DEBUG] Executing command: npm info @storybook/addon-onboarding version
[14:59:08.035] [DEBUG] Getting CLI versions from NPM for vite...
[14:59:08.035] [DEBUG] Executing command: npm info vite version
[14:59:10.167] [INFO] - Configuring main.ts
[14:59:10.171] [INFO] - Configuring preview.ts
[14:59:10.174] [INFO] - Adding Storybook command to package.json
[14:59:10.176] [DEBUG] Getting package.json info for /Users/nicolascoutureau/template-next-app-dir/package.json...
[14:59:10.176] [DEBUG] Using cached package.json for /Users/nicolascoutureau/template-next-app-dir/package.json...
[14:59:10.176] [DEBUG] Using cached package.json for /Users/nicolascoutureau/template-next-app-dir/package.json...
[14:59:10.178] [INFO] - Copying framework templates
[14:59:10.281] [DEBUG] Executing command: npm config get registry -ws=false -iwr
[14:59:10.812] [INFO] Storybook configuration generated
[14:59:10.813] [DEBUG] Using cached package.json for /Users/nicolascoutureau/template-next-app-dir/package.json...
[14:59:10.813] [DEBUG] Using cached installed version for vitest...
[14:59:10.813] [DEBUG] Getting installed version for @vitest/coverage-v8...
[14:59:10.813] [DEBUG] Executing command: npm ls --json --depth=99 2>/dev/null
[14:59:11.749] [DEBUG] Executing command: npm ls --json --depth=0 2>/dev/null
[14:59:12.237] [DEBUG] Error finding installations for @vitest/coverage-v8: ExecaError: Command failed with exit code 1: npm ls --json '--depth=0' '2>/dev/null'

{
  "version": "0.1.0",
  "name": "template-next-app"
}
[14:59:12.237] [DEBUG] No installations found for @vitest/coverage-v8
[14:59:12.237] [DEBUG] Getting installed version for @vitest/coverage-istanbul...
[14:59:12.237] [DEBUG] Executing command: npm ls --json --depth=99 2>/dev/null
[14:59:12.931] [DEBUG] Executing command: npm ls --json --depth=0 2>/dev/null
[14:59:13.491] [DEBUG] Error finding installations for @vitest/coverage-istanbul: ExecaError: Command failed with exit code 1: npm ls --json '--depth=0' '2>/dev/null'

{
  "version": "0.1.0",
  "name": "template-next-app"
}
[14:59:13.491] [DEBUG] No installations found for @vitest/coverage-istanbul
[14:59:13.491] [INFO] Adding devDependencies:
- storybook@^10.2.0
- @storybook/nextjs-vite@^10.2.0
- @chromatic-com/storybook@^5.0.0
- @storybook/addon-vitest@^10.2.0
- @storybook/addon-a11y@^10.2.0
- @storybook/addon-docs@^10.2.0
- @storybook/addon-onboarding@^10.2.0
- vite@^7.3.1
- vitest
- playwright
- @vitest/browser-playwright
- @vitest/coverage-v8
[14:59:13.492] [DEBUG] Using cached package.json for /Users/nicolascoutureau/template-next-app-dir/package.json...
[14:59:13.492] [DEBUG] Using cached version for storybook...
[14:59:13.492] [DEBUG] Using cached version for @storybook/nextjs-vite...
[14:59:13.492] [DEBUG] Using cached version for @chromatic-com/storybook...
[14:59:13.492] [DEBUG] Using cached version for @storybook/addon-vitest...
[14:59:13.492] [DEBUG] Using cached version for @storybook/addon-a11y...
[14:59:13.492] [DEBUG] Using cached version for @storybook/addon-docs...
[14:59:13.492] [DEBUG] Using cached version for @storybook/addon-onboarding...
[14:59:13.492] [DEBUG] Using cached version for vite...
[14:59:13.492] [DEBUG] Getting CLI versions from NPM for vitest...
[14:59:13.492] [DEBUG] Executing command: npm info vitest version
[14:59:13.862] [DEBUG] Getting CLI versions from NPM for playwright...
[14:59:13.862] [DEBUG] Executing command: npm info playwright version
[14:59:15.715] [DEBUG] Getting CLI versions from NPM for @vitest/browser-playwright...
[14:59:15.715] [DEBUG] Executing command: npm info @vitest/browser-playwright version
[14:59:16.044] [DEBUG] Getting CLI versions from NPM for @vitest/coverage-v8...
[14:59:16.044] [DEBUG] Executing command: npm info @vitest/coverage-v8 version
[14:59:16.432] [DEBUG] Using cached package.json for /Users/nicolascoutureau/template-next-app-dir/package.json...
[14:59:16.432] [INFO] Dependencies added to package.json
[14:59:16.433] [INFO] Installing dependencies...
[14:59:16.433] [INFO] Installing dependencies...
[14:59:16.433] [DEBUG] Executing command: npm install
[14:59:28.432] [ERROR] Installation of dependencies failed! {"error":"ExecaError: Command failed with exit code 1: npm install\n\nnpm error code ERESOLVE\nnpm error ERESOLVE could not resolve\nnpm error\nnpm error While resolving: vite@7.3.1\nnpm error Found: @types/node@20.12.14\nnpm error node_modules/@types/node\nnpm error   dev @types/node@\"20.12.14\" from the root project\nnpm error   @types/node@\"*\" from @types/yauzl@2.10.3\nnpm error   node_modules/@types/yauzl\nnpm error     optional @types/yauzl@\"^2.9.1\" from extract-zip@2.0.1\nnpm error     node_modules/extract-zip\nnpm error       extract-zip@\"2.0.1\" from @remotion/renderer@4.0.408\nnpm error       node_modules/@remotion/renderer\nnpm error         @remotion/renderer@\"^4.0.408\" from the root project\nnpm error         5 more (@remotion/cli, @remotion/lambda, @remotion/serverless, ...)\nnpm error   2 more (jest-worker, vitest)\nnpm error\nnpm error Could not resolve dependency:\nnpm error peerOptional @types/node@\"^20.19.0 || >=22.12.0\" from vite@7.3.1\nnpm error node_modules/vite\nnpm error   dev vite@\"^7.3.1\" from the root project\nnpm error   peer vite@\"^5.0.0 || ^6.0.0 || ^7.0.0\" from @storybook/nextjs-vite@10.2.0\nnpm error   node_modules/@storybook/nextjs-vite\nnpm error     dev @storybook/nextjs-vite@\"^10.2.0\" from the root project\nnpm error   9 more (vitest, @storybook/csf-plugin, ...)\nnpm error\nnpm error Conflicting peer dependency: @types/node@25.0.10\nnpm error node_modules/@types/node\nnpm error   peerOptional @types/node@\"^20.19.0 || >=22.12.0\" from vite@7.3.1\nnpm error   node_modules/vite\nnpm error     dev vite@\"^7.3.1\" from the root project\nnpm error     peer vite@\"^5.0.0 || ^6.0.0 || ^7.0.0\" from @storybook/nextjs-vite@10.2.0\nnpm error     node_modules/@storybook/nextjs-vite\nnpm error       dev @storybook/nextjs-vite@\"^10.2.0\" from the root project\nnpm error     9 more (vitest, @storybook/csf-plugin, ...)\nnpm error\nnpm error Fix the upstream dependency conflict, or retry\nnpm error this command with --force or --legacy-peer-deps\nnpm error to accept an incorrect (and potentially broken) dependency resolution.\nnpm error\nnpm error\nnpm error For a full report see:\nnpm error /Users/nicolascoutureau/.npm/_logs/2026-01-27T13_59_16_514Z-eresolve-report.txt\nnpm error A complete log of this run can be found in: /Users/nicolascoutureau/.npm/_logs/2026-01-27T13_59_16_514Z-debug-0.log\n    at getFinalError (file:///Users/nicolascoutureau/.npm/_npx/fd14e96670b26896/node_modules/storybook/dist/_node-chunks/chunk-6QCIDOPJ.js:13107:10)\n    at makeError (file:///Users/nicolascoutureau/.npm/_npx/fd14e96670b26896/node_modules/storybook/dist/_node-chunks/chunk-6QCIDOPJ.js:14643:15)\n    at getAsyncResult (file:///Users/nicolascoutureau/.npm/_npx/fd14e96670b26896/node_modules/storybook/dist/_node-chunks/chunk-6QCIDOPJ.js:17289:158)\n    at handlePromise (file:///Users/nicolascoutureau/.npm/_npx/fd14e96670b26896/node_modules/storybook/dist/_node-chunks/chunk-6QCIDOPJ.js:17275:162)\n    at async Object.executeTaskWithSpinner (file:///Users/nicolascoutureau/.npm/_npx/fd14e96670b26896/node_modules/storybook/dist/_node-chunks/chunk-JU7MZIRN.js:3683:11)\n    at async NPMProxy.installDependencies (file:///Users/nicolascoutureau/.npm/_npx/fd14e96670b26896/node_modules/storybook/dist/_node-chunks/chunk-6QCIDOPJ.js:11256:5)\n    at async DependencyInstallationCommand.execute (file:///Users/nicolascoutureau/.npm/_npx/fd14e96670b26896/node_modules/create-storybook/dist/_node-chunks/chunk-UKMQREIT.js:1511:9)\n    at async doInitiate (file:///Users/nicolascoutureau/.npm/_npx/fd14e96670b26896/node_modules/create-storybook/dist/_node-chunks/chunk-UKMQREIT.js:2287:38)\n    at async file:///Users/nicolascoutureau/.npm/_npx/fd14e96670b26896/node_modules/create-storybook/dist/_node-chunks/chunk-UKMQREIT.js:2322:20\n    at async withTelemetry (file:///Users/nicolascoutureau/.npm/_npx/fd14e96670b26896/node_modules/storybook/dist/_node-chunks/chunk-5T2PCIM6.js:218:12)"}
[14:59:28.432] [ERROR] Installation of dependencies failed!
[14:59:28.436] [WARN] The following addons couldn't be configured:

- @storybook/addon-vitest: https://storybook.js.org/docs/writing-tests/integrations/vitest-addon#manual-setup-advanced

Please follow each addon's configuration instructions manually.
[14:59:28.443] [WARN] Storybook setup completed, but some non-blocking errors occurred. Please check the log file below for details.
[14:59:28.444] [INFO] To run Storybook manually, run npm run storybook. CTRL+C to stop.
[14:59:28.445] [INFO] Wanna know more about Storybook? Check out https://storybook.js.org/
Having trouble or want to chat? Join us at https://discord.gg/storybook/